2024-10-15 19:16:05,295 INFO  Main: Начало скачек. Количество участников: 7
2024-10-15 19:16:06,125 INFO  Main: Окончание скачек. Победитель: Cherry
2024-10-15 19:29:03,502 DEBUG Horse: Создание Horse, имя [Bucephalus], скорость [2.4]
2024-10-15 19:29:03,505 DEBUG Horse: Создание Horse, имя [Ace of Spades], скорость [2.5]
2024-10-15 19:29:03,505 DEBUG Horse: Создание Horse, имя [Zephyr], скорость [2.6]
2024-10-15 19:29:03,505 DEBUG Horse: Создание Horse, имя [Blaze], скорость [2.7]
2024-10-15 19:29:03,505 DEBUG Horse: Создание Horse, имя [Lobster], скорость [2.8]
2024-10-15 19:29:03,505 DEBUG Horse: Создание Horse, имя [Pegasus], скорость [2.9]
2024-10-15 19:29:03,506 DEBUG Horse: Создание Horse, имя [Cherry], скорость [3.0]
2024-10-15 19:29:03,507 DEBUG Hippodrome: Создание Hippodrome, лошадей [7]
2024-10-15 19:29:03,507 INFO  Main: Начало скачек. Количество участников: 7
2024-10-15 19:29:04,328 INFO  Main: Окончание скачек. Победитель: Pegasus
2024-10-15 19:29:35,749 DEBUG Horse: Создание Horse, имя [Bucephalus], скорость [2.4]
2024-10-15 19:29:35,752 DEBUG Horse: Создание Horse, имя [Ace of Spades], скорость [2.5]
2024-10-15 19:29:35,752 DEBUG Horse: Создание Horse, имя [Zephyr], скорость [2.6]
2024-10-15 19:29:35,752 DEBUG Horse: Создание Horse, имя [Blaze], скорость [2.7]
2024-10-15 19:29:35,752 DEBUG Horse: Создание Horse, имя [Lobster], скорость [2.8]
2024-10-15 19:29:35,752 DEBUG Horse: Создание Horse, имя [Pegasus], скорость [2.9]
2024-10-15 19:29:35,752 DEBUG Horse: Создание Horse, имя [Cherry], скорость [3.0]
2024-10-15 19:29:35,753 DEBUG Hippodrome: Создание Hippodrome, лошадей [7]
2024-10-15 19:29:35,753 INFO  Main: Начало скачек. Количество участников: 7
2024-10-15 19:29:56,232 INFO  Main: Окончание скачек. Победитель: Lobster
